11-02-2016 19:06:09 INFO  BinlogEventProducer:38 - Created producer with lastKnownInfo position => {  binlogFileName => mysql-bin.000078, binlogPosition => 4 }
11-02-2016 19:06:10 INFO  ActiveSchemaVersion:62 - Successfully loaded ActiveSchemaVersion
11-02-2016 19:06:10 INFO  PipelineOrchestrator:136 - Created consumer with lastKnownInfo position => {  binlogFileName => mysql-bin.000078, binlogPosition => 4 }
11-02-2016 19:06:10 INFO  BinlogEventProducer:67 - starting OR from: { file => mysql-bin.000078, position => 4 }
11-02-2016 19:06:10 INFO  TransportImpl:67 - connecting to host: localhost, port: 3306
11-02-2016 19:06:10 INFO  TransportImpl:100 - connected to host: localhost, port: 3306, context: AbstractTransport.Context[threadId=39,scramble=~Z'O<yqK`$.Z^G(2`p1@,protocolVersion=10,serverHost=localhost,serverPort=3306,serverStatus=2,serverCollation=8,serverVersion=5.5.44-0+deb8u1-log,serverCapabilities=63487]
11-02-2016 19:06:10 INFO  AuthenticatorImpl:63 - start to login, user: root, host: localhost, port: 3306
11-02-2016 19:06:10 INFO  AuthenticatorImpl:95 - login successfully, user: root, detail: OKPacket[packetMarker=0,affectedRows=0,insertId=0,serverStatus=2,warningCount=0,message=<null>]
11-02-2016 19:06:10 INFO  PipelineOrchestrator:188 - Pipeline report: no items in producer event queue. Will sleep for 0.5s and check again.
11-02-2016 19:06:10 INFO  PipelineOrchestrator:587 - moving to next binlog file [  ] ==>> [ mysql-bin.000085 ]
11-02-2016 19:06:10 INFO  STDOUTJSONApplier:26 - Number of rows in event => 1
11-02-2016 19:06:11 INFO  PipelineOrchestrator:587 - moving to next binlog file [ mysql-bin.000085 ] ==>> [ mysql-bin.000087 ]
11-02-2016 19:06:11 INFO  STDOUTJSONApplier:26 - Number of rows in event => 1
11-02-2016 19:06:11 INFO  STDOUTJSONApplier:26 - Number of rows in event => 1
11-02-2016 19:06:11 INFO  STDOUTJSONApplier:26 - Number of rows in event => 1
11-02-2016 19:06:11 INFO  ActiveSchemaVersion:188 - GOT DDL => CREATE TABLE `the_blob` (
  `id` bigint(20) NOT NULL AUTO_INCREMENT,
  `the_blob` BLOB DEFAULT NULL,
  PRIMARY KEY (`id`)
) ENGINE=InnoDB AUTO_INCREMENT=434457839 DEFAULT CHARSET=latin1
11-02-2016 19:06:11 ERROR ActiveSchemaVersion:207 - FATAL: failed to execute DDL statement on active schema.
11-02-2016 19:06:11 INFO  STDOUTJSONApplier:26 - Number of rows in event => 1
11-02-2016 19:06:11 INFO  ActiveSchemaVersion:188 - GOT DDL => CREATE TABLE `the_timestamp` (
  `id` bigint(20) NOT NULL AUTO_INCREMENT,
  `the_timestamp` timestamp DEFAULT 0,
  PRIMARY KEY (`id`)
) ENGINE=InnoDB AUTO_INCREMENT=434457839 DEFAULT CHARSET=latin1
11-02-2016 19:06:11 ERROR ActiveSchemaVersion:207 - FATAL: failed to execute DDL statement on active schema.
11-02-2016 19:06:11 INFO  STDOUTJSONApplier:26 - Number of rows in event => 1
11-02-2016 19:06:11 INFO  STDOUTJSONApplier:26 - Number of rows in event => 1
11-02-2016 19:06:11 INFO  PipelineOrchestrator:188 - Pipeline report: no items in producer event queue. Will sleep for 0.5s and check again.
11-02-2016 19:06:11 INFO  PipelineOrchestrator:188 - Pipeline report: no items in producer event queue. Will sleep for 0.5s and check again.
11-02-2016 19:06:12 INFO  PipelineOrchestrator:188 - Pipeline report: no items in producer event queue. Will sleep for 0.5s and check again.
11-02-2016 19:06:12 INFO  PipelineOrchestrator:188 - Pipeline report: no items in producer event queue. Will sleep for 0.5s and check again.
11-02-2016 19:06:13 INFO  PipelineOrchestrator:188 - Pipeline report: no items in producer event queue. Will sleep for 0.5s and check again.
11-02-2016 19:06:13 INFO  PipelineOrchestrator:188 - Pipeline report: no items in producer event queue. Will sleep for 0.5s and check again.
11-02-2016 19:06:13 INFO  Replicator:75 - Executing replicator shutdown hook...
11-02-2016 19:06:13 INFO  Replicator:78 - Stopping Overseer...
11-02-2016 19:06:14 INFO  PipelineOrchestrator:188 - Pipeline report: no items in producer event queue. Will sleep for 0.5s and check again.
11-02-2016 19:06:14 INFO  Replicator:81 - Overseer thread successfully stopped
11-02-2016 19:06:14 INFO  Replicator:90 - Stopping Producer...
11-02-2016 19:06:14 INFO  TransportImpl:121 - disconnected from localhost:3306
11-02-2016 19:06:14 ERROR AbstractBinlogParser:267 - failed to parse binlog
java.net.SocketException: Socket closed
	at java.net.SocketInputStream.socketRead0(Native Method)
	at java.net.SocketInputStream.read(SocketInputStream.java:152)
	at java.net.SocketInputStream.read(SocketInputStream.java:122)
	at com.google.code.or.io.impl.XInputStreamImpl.doFill(XInputStreamImpl.java:237)
	at com.google.code.or.io.impl.XInputStreamImpl.read(XInputStreamImpl.java:214)
	at com.google.code.or.net.impl.TransportInputStreamImpl.read(TransportInputStreamImpl.java:88)
	at com.google.code.or.io.impl.XInputStreamImpl.readInt(XInputStreamImpl.java:142)
	at com.google.code.or.io.impl.XInputStreamImpl.readInt(XInputStreamImpl.java:62)
	at com.google.code.or.net.impl.TransportInputStreamImpl.readPacketHeader(TransportInputStreamImpl.java:72)
	at com.google.code.or.net.impl.TransportInputStreamImpl.read(TransportInputStreamImpl.java:86)
	at com.google.code.or.io.impl.XInputStreamImpl.readInt(XInputStreamImpl.java:142)
	at com.google.code.or.io.impl.XInputStreamImpl.readInt(XInputStreamImpl.java:62)
	at com.google.code.or.binlog.impl.ReplicationBasedBinlogParser.readPacketMarker(ReplicationBasedBinlogParser.java:86)
	at com.google.code.or.binlog.impl.ReplicationBasedBinlogParser.doParse(ReplicationBasedBinlogParser.java:112)
	at com.google.code.or.binlog.impl.AbstractBinlogParser$Task.run(AbstractBinlogParser.java:263)
	at java.lang.Thread.run(Thread.java:745)
11-02-2016 19:06:14 INFO  Replicator:93 - Successfully stopped Producer thread
11-02-2016 19:06:14 INFO  Replicator:105 - Stopping Pipeline Orchestrator...
11-02-2016 19:06:14 INFO  Replicator:108 - Pipeline Orchestrator successfully stopped
11-02-2016 19:08:00 INFO  BinlogEventProducer:38 - Created producer with lastKnownInfo position => {  binlogFileName => mysql-bin.000078, binlogPosition => 4 }
11-02-2016 19:08:00 INFO  ActiveSchemaVersion:62 - Successfully loaded ActiveSchemaVersion
11-02-2016 19:08:00 INFO  PipelineOrchestrator:136 - Created consumer with lastKnownInfo position => {  binlogFileName => mysql-bin.000078, binlogPosition => 4 }
11-02-2016 19:08:00 INFO  BinlogEventProducer:67 - starting OR from: { file => mysql-bin.000078, position => 4 }
11-02-2016 19:08:01 INFO  TransportImpl:67 - connecting to host: localhost, port: 3306
11-02-2016 19:08:01 INFO  TransportImpl:100 - connected to host: localhost, port: 3306, context: AbstractTransport.Context[threadId=42,scramble=^DxStnNw/"Z!5%Xn@2z4,protocolVersion=10,serverHost=localhost,serverPort=3306,serverStatus=2,serverCollation=8,serverVersion=5.5.44-0+deb8u1-log,serverCapabilities=63487]
11-02-2016 19:08:01 INFO  AuthenticatorImpl:63 - start to login, user: root, host: localhost, port: 3306
11-02-2016 19:08:01 INFO  AuthenticatorImpl:95 - login successfully, user: root, detail: OKPacket[packetMarker=0,affectedRows=0,insertId=0,serverStatus=2,warningCount=0,message=<null>]
11-02-2016 19:08:01 INFO  PipelineOrchestrator:188 - Pipeline report: no items in producer event queue. Will sleep for 0.5s and check again.
11-02-2016 19:08:01 INFO  PipelineOrchestrator:587 - moving to next binlog file [  ] ==>> [ mysql-bin.000085 ]
11-02-2016 19:08:01 INFO  STDOUTJSONApplier:26 - Number of rows in event => 1
11-02-2016 19:08:01 INFO  PipelineOrchestrator:587 - moving to next binlog file [ mysql-bin.000085 ] ==>> [ mysql-bin.000087 ]
11-02-2016 19:08:01 INFO  STDOUTJSONApplier:26 - Number of rows in event => 1
11-02-2016 19:08:01 INFO  STDOUTJSONApplier:26 - Number of rows in event => 1
11-02-2016 19:08:01 INFO  STDOUTJSONApplier:26 - Number of rows in event => 1
11-02-2016 19:08:01 INFO  ActiveSchemaVersion:188 - GOT DDL => CREATE TABLE `the_blob` (
  `id` bigint(20) NOT NULL AUTO_INCREMENT,
  `the_blob` BLOB DEFAULT NULL,
  PRIMARY KEY (`id`)
) ENGINE=InnoDB AUTO_INCREMENT=434457839 DEFAULT CHARSET=latin1
11-02-2016 19:08:01 ERROR ActiveSchemaVersion:207 - FATAL: failed to execute DDL statement on active schema.
11-02-2016 19:08:01 INFO  STDOUTJSONApplier:26 - Number of rows in event => 1
11-02-2016 19:08:01 INFO  ActiveSchemaVersion:188 - GOT DDL => CREATE TABLE `the_timestamp` (
  `id` bigint(20) NOT NULL AUTO_INCREMENT,
  `the_timestamp` timestamp DEFAULT 0,
  PRIMARY KEY (`id`)
) ENGINE=InnoDB AUTO_INCREMENT=434457839 DEFAULT CHARSET=latin1
11-02-2016 19:08:01 ERROR ActiveSchemaVersion:207 - FATAL: failed to execute DDL statement on active schema.
11-02-2016 19:08:01 INFO  STDOUTJSONApplier:26 - Number of rows in event => 1
11-02-2016 19:08:01 INFO  STDOUTJSONApplier:26 - Number of rows in event => 1
11-02-2016 19:08:01 INFO  PipelineOrchestrator:188 - Pipeline report: no items in producer event queue. Will sleep for 0.5s and check again.
11-02-2016 19:08:02 INFO  PipelineOrchestrator:188 - Pipeline report: no items in producer event queue. Will sleep for 0.5s and check again.
11-02-2016 19:08:02 INFO  PipelineOrchestrator:188 - Pipeline report: no items in producer event queue. Will sleep for 0.5s and check again.
11-02-2016 19:08:03 INFO  PipelineOrchestrator:188 - Pipeline report: no items in producer event queue. Will sleep for 0.5s and check again.
11-02-2016 19:08:03 INFO  PipelineOrchestrator:188 - Pipeline report: no items in producer event queue. Will sleep for 0.5s and check again.
11-02-2016 19:08:04 INFO  PipelineOrchestrator:188 - Pipeline report: no items in producer event queue. Will sleep for 0.5s and check again.
11-02-2016 19:08:04 INFO  PipelineOrchestrator:188 - Pipeline report: no items in producer event queue. Will sleep for 0.5s and check again.
11-02-2016 19:08:05 INFO  PipelineOrchestrator:188 - Pipeline report: no items in producer event queue. Will sleep for 0.5s and check again.
11-02-2016 19:08:05 INFO  PipelineOrchestrator:188 - Pipeline report: no items in producer event queue. Will sleep for 0.5s and check again.
11-02-2016 19:08:06 INFO  PipelineOrchestrator:188 - Pipeline report: no items in producer event queue. Will sleep for 0.5s and check again.
11-02-2016 19:08:06 INFO  PipelineOrchestrator:188 - Pipeline report: no items in producer event queue. Will sleep for 0.5s and check again.
11-02-2016 19:08:07 INFO  PipelineOrchestrator:188 - Pipeline report: no items in producer event queue. Will sleep for 0.5s and check again.
11-02-2016 19:08:07 INFO  PipelineOrchestrator:188 - Pipeline report: no items in producer event queue. Will sleep for 0.5s and check again.
11-02-2016 19:08:08 INFO  PipelineOrchestrator:188 - Pipeline report: no items in producer event queue. Will sleep for 0.5s and check again.
11-02-2016 19:08:08 INFO  PipelineOrchestrator:188 - Pipeline report: no items in producer event queue. Will sleep for 0.5s and check again.
11-02-2016 19:08:09 INFO  PipelineOrchestrator:188 - Pipeline report: no items in producer event queue. Will sleep for 0.5s and check again.
11-02-2016 19:08:09 INFO  PipelineOrchestrator:188 - Pipeline report: no items in producer event queue. Will sleep for 0.5s and check again.
11-02-2016 19:08:10 INFO  PipelineOrchestrator:188 - Pipeline report: no items in producer event queue. Will sleep for 0.5s and check again.
11-02-2016 19:08:10 INFO  Replicator:75 - Executing replicator shutdown hook...
11-02-2016 19:08:10 INFO  Replicator:78 - Stopping Overseer...
11-02-2016 19:08:10 INFO  PipelineOrchestrator:188 - Pipeline report: no items in producer event queue. Will sleep for 0.5s and check again.
11-02-2016 19:08:11 INFO  Replicator:81 - Overseer thread successfully stopped
11-02-2016 19:08:11 INFO  Replicator:90 - Stopping Producer...
11-02-2016 19:08:11 INFO  TransportImpl:121 - disconnected from localhost:3306
11-02-2016 19:08:11 ERROR AbstractBinlogParser:267 - failed to parse binlog
java.net.SocketException: Socket closed
	at java.net.SocketInputStream.socketRead0(Native Method)
	at java.net.SocketInputStream.read(SocketInputStream.java:152)
	at java.net.SocketInputStream.read(SocketInputStream.java:122)
	at com.google.code.or.io.impl.XInputStreamImpl.doFill(XInputStreamImpl.java:237)
	at com.google.code.or.io.impl.XInputStreamImpl.read(XInputStreamImpl.java:214)
	at com.google.code.or.net.impl.TransportInputStreamImpl.read(TransportInputStreamImpl.java:88)
	at com.google.code.or.io.impl.XInputStreamImpl.readInt(XInputStreamImpl.java:142)
	at com.google.code.or.io.impl.XInputStreamImpl.readInt(XInputStreamImpl.java:62)
	at com.google.code.or.net.impl.TransportInputStreamImpl.readPacketHeader(TransportInputStreamImpl.java:72)
	at com.google.code.or.net.impl.TransportInputStreamImpl.read(TransportInputStreamImpl.java:86)
	at com.google.code.or.io.impl.XInputStreamImpl.readInt(XInputStreamImpl.java:142)
	at com.google.code.or.io.impl.XInputStreamImpl.readInt(XInputStreamImpl.java:62)
	at com.google.code.or.binlog.impl.ReplicationBasedBinlogParser.readPacketMarker(ReplicationBasedBinlogParser.java:86)
	at com.google.code.or.binlog.impl.ReplicationBasedBinlogParser.doParse(ReplicationBasedBinlogParser.java:112)
	at com.google.code.or.binlog.impl.AbstractBinlogParser$Task.run(AbstractBinlogParser.java:263)
	at java.lang.Thread.run(Thread.java:745)
11-02-2016 19:08:11 INFO  Replicator:93 - Successfully stopped Producer thread
11-02-2016 19:08:11 INFO  Replicator:105 - Stopping Pipeline Orchestrator...
11-02-2016 19:08:11 INFO  Replicator:108 - Pipeline Orchestrator successfully stopped
11-02-2016 19:08:14 INFO  BinlogEventProducer:38 - Created producer with lastKnownInfo position => {  binlogFileName => mysql-bin.000078, binlogPosition => 4 }
11-02-2016 19:08:14 INFO  ActiveSchemaVersion:62 - Successfully loaded ActiveSchemaVersion
11-02-2016 19:08:14 INFO  PipelineOrchestrator:136 - Created consumer with lastKnownInfo position => {  binlogFileName => mysql-bin.000078, binlogPosition => 4 }
11-02-2016 19:08:14 INFO  BinlogEventProducer:67 - starting OR from: { file => mysql-bin.000078, position => 4 }
11-02-2016 19:08:14 INFO  TransportImpl:67 - connecting to host: localhost, port: 3306
11-02-2016 19:08:14 INFO  TransportImpl:100 - connected to host: localhost, port: 3306, context: AbstractTransport.Context[threadId=45,scramble=KUIK}Wxwm<%AVpOw.{F',protocolVersion=10,serverHost=localhost,serverPort=3306,serverStatus=2,serverCollation=8,serverVersion=5.5.44-0+deb8u1-log,serverCapabilities=63487]
11-02-2016 19:08:14 INFO  AuthenticatorImpl:63 - start to login, user: root, host: localhost, port: 3306
11-02-2016 19:08:14 INFO  AuthenticatorImpl:95 - login successfully, user: root, detail: OKPacket[packetMarker=0,affectedRows=0,insertId=0,serverStatus=2,warningCount=0,message=<null>]
11-02-2016 19:08:14 INFO  PipelineOrchestrator:188 - Pipeline report: no items in producer event queue. Will sleep for 0.5s and check again.
11-02-2016 19:08:15 INFO  PipelineOrchestrator:587 - moving to next binlog file [  ] ==>> [ mysql-bin.000085 ]
11-02-2016 19:08:15 INFO  STDOUTJSONApplier:26 - Number of rows in event => 1
11-02-2016 19:08:15 INFO  PipelineOrchestrator:587 - moving to next binlog file [ mysql-bin.000085 ] ==>> [ mysql-bin.000087 ]
11-02-2016 19:08:15 INFO  STDOUTJSONApplier:26 - Number of rows in event => 1
11-02-2016 19:08:15 INFO  STDOUTJSONApplier:26 - Number of rows in event => 1
11-02-2016 19:08:15 INFO  STDOUTJSONApplier:26 - Number of rows in event => 1
11-02-2016 19:08:15 INFO  ActiveSchemaVersion:188 - GOT DDL => CREATE TABLE `the_blob` (
  `id` bigint(20) NOT NULL AUTO_INCREMENT,
  `the_blob` BLOB DEFAULT NULL,
  PRIMARY KEY (`id`)
) ENGINE=InnoDB AUTO_INCREMENT=434457839 DEFAULT CHARSET=latin1
11-02-2016 19:08:15 ERROR ActiveSchemaVersion:207 - FATAL: failed to execute DDL statement on active schema.
11-02-2016 19:08:15 INFO  STDOUTJSONApplier:26 - Number of rows in event => 1
11-02-2016 19:08:15 INFO  ActiveSchemaVersion:188 - GOT DDL => CREATE TABLE `the_timestamp` (
  `id` bigint(20) NOT NULL AUTO_INCREMENT,
  `the_timestamp` timestamp DEFAULT 0,
  PRIMARY KEY (`id`)
) ENGINE=InnoDB AUTO_INCREMENT=434457839 DEFAULT CHARSET=latin1
11-02-2016 19:08:15 ERROR ActiveSchemaVersion:207 - FATAL: failed to execute DDL statement on active schema.
11-02-2016 19:08:15 INFO  STDOUTJSONApplier:26 - Number of rows in event => 1
11-02-2016 19:08:15 INFO  STDOUTJSONApplier:26 - Number of rows in event => 1
11-02-2016 19:08:15 INFO  PipelineOrchestrator:188 - Pipeline report: no items in producer event queue. Will sleep for 0.5s and check again.
11-02-2016 19:08:16 INFO  PipelineOrchestrator:188 - Pipeline report: no items in producer event queue. Will sleep for 0.5s and check again.
11-02-2016 19:08:16 INFO  PipelineOrchestrator:188 - Pipeline report: no items in producer event queue. Will sleep for 0.5s and check again.
11-02-2016 19:08:17 INFO  PipelineOrchestrator:188 - Pipeline report: no items in producer event queue. Will sleep for 0.5s and check again.
11-02-2016 19:08:17 INFO  PipelineOrchestrator:188 - Pipeline report: no items in producer event queue. Will sleep for 0.5s and check again.
11-02-2016 19:08:18 INFO  PipelineOrchestrator:188 - Pipeline report: no items in producer event queue. Will sleep for 0.5s and check again.
11-02-2016 19:08:18 INFO  PipelineOrchestrator:188 - Pipeline report: no items in producer event queue. Will sleep for 0.5s and check again.
11-02-2016 19:08:19 INFO  PipelineOrchestrator:188 - Pipeline report: no items in producer event queue. Will sleep for 0.5s and check again.
11-02-2016 19:08:19 INFO  PipelineOrchestrator:188 - Pipeline report: no items in producer event queue. Will sleep for 0.5s and check again.
11-02-2016 19:08:20 INFO  PipelineOrchestrator:188 - Pipeline report: no items in producer event queue. Will sleep for 0.5s and check again.
11-02-2016 19:08:20 INFO  PipelineOrchestrator:188 - Pipeline report: no items in producer event queue. Will sleep for 0.5s and check again.
11-02-2016 19:08:21 INFO  PipelineOrchestrator:188 - Pipeline report: no items in producer event queue. Will sleep for 0.5s and check again.
11-02-2016 19:08:21 INFO  PipelineOrchestrator:188 - Pipeline report: no items in producer event queue. Will sleep for 0.5s and check again.
11-02-2016 19:08:22 INFO  PipelineOrchestrator:188 - Pipeline report: no items in producer event queue. Will sleep for 0.5s and check again.
11-02-2016 19:08:22 INFO  PipelineOrchestrator:188 - Pipeline report: no items in producer event queue. Will sleep for 0.5s and check again.
11-02-2016 19:08:23 INFO  PipelineOrchestrator:188 - Pipeline report: no items in producer event queue. Will sleep for 0.5s and check again.
11-02-2016 19:08:23 INFO  PipelineOrchestrator:188 - Pipeline report: no items in producer event queue. Will sleep for 0.5s and check again.
11-02-2016 19:08:24 INFO  PipelineOrchestrator:188 - Pipeline report: no items in producer event queue. Will sleep for 0.5s and check again.
11-02-2016 19:08:24 INFO  PipelineOrchestrator:188 - Pipeline report: no items in producer event queue. Will sleep for 0.5s and check again.
11-02-2016 19:08:25 INFO  PipelineOrchestrator:188 - Pipeline report: no items in producer event queue. Will sleep for 0.5s and check again.
11-02-2016 19:08:25 INFO  PipelineOrchestrator:188 - Pipeline report: no items in producer event queue. Will sleep for 0.5s and check again.
11-02-2016 19:08:26 INFO  PipelineOrchestrator:188 - Pipeline report: no items in producer event queue. Will sleep for 0.5s and check again.
11-02-2016 19:08:26 INFO  PipelineOrchestrator:188 - Pipeline report: no items in producer event queue. Will sleep for 0.5s and check again.
11-02-2016 19:08:27 INFO  PipelineOrchestrator:188 - Pipeline report: no items in producer event queue. Will sleep for 0.5s and check again.
11-02-2016 19:08:27 INFO  PipelineOrchestrator:188 - Pipeline report: no items in producer event queue. Will sleep for 0.5s and check again.
11-02-2016 19:08:28 INFO  PipelineOrchestrator:188 - Pipeline report: no items in producer event queue. Will sleep for 0.5s and check again.
11-02-2016 19:08:28 INFO  PipelineOrchestrator:188 - Pipeline report: no items in producer event queue. Will sleep for 0.5s and check again.
11-02-2016 19:08:29 INFO  PipelineOrchestrator:188 - Pipeline report: no items in producer event queue. Will sleep for 0.5s and check again.
11-02-2016 19:08:29 INFO  PipelineOrchestrator:188 - Pipeline report: no items in producer event queue. Will sleep for 0.5s and check again.
11-02-2016 19:08:30 INFO  PipelineOrchestrator:188 - Pipeline report: no items in producer event queue. Will sleep for 0.5s and check again.
11-02-2016 19:08:30 INFO  PipelineOrchestrator:188 - Pipeline report: no items in producer event queue. Will sleep for 0.5s and check again.
11-02-2016 19:08:31 INFO  PipelineOrchestrator:188 - Pipeline report: no items in producer event queue. Will sleep for 0.5s and check again.
11-02-2016 19:08:31 INFO  PipelineOrchestrator:188 - Pipeline report: no items in producer event queue. Will sleep for 0.5s and check again.
11-02-2016 19:08:32 INFO  PipelineOrchestrator:188 - Pipeline report: no items in producer event queue. Will sleep for 0.5s and check again.
11-02-2016 19:08:32 INFO  PipelineOrchestrator:188 - Pipeline report: no items in producer event queue. Will sleep for 0.5s and check again.
11-02-2016 19:08:33 INFO  PipelineOrchestrator:188 - Pipeline report: no items in producer event queue. Will sleep for 0.5s and check again.
11-02-2016 19:08:33 INFO  PipelineOrchestrator:188 - Pipeline report: no items in producer event queue. Will sleep for 0.5s and check again.
11-02-2016 19:08:34 INFO  PipelineOrchestrator:188 - Pipeline report: no items in producer event queue. Will sleep for 0.5s and check again.
11-02-2016 19:08:34 INFO  PipelineOrchestrator:188 - Pipeline report: no items in producer event queue. Will sleep for 0.5s and check again.
11-02-2016 19:08:35 INFO  PipelineOrchestrator:587 - moving to next binlog file [ mysql-bin.000087 ] ==>> [ mysql-bin.000090 ]
11-02-2016 19:08:35 INFO  STDOUTJSONApplier:26 - Number of rows in event => 1
11-02-2016 19:08:35 INFO  PipelineOrchestrator:188 - Pipeline report: no items in producer event queue. Will sleep for 0.5s and check again.
11-02-2016 19:08:35 INFO  PipelineOrchestrator:188 - Pipeline report: no items in producer event queue. Will sleep for 0.5s and check again.
11-02-2016 19:08:36 INFO  PipelineOrchestrator:188 - Pipeline report: no items in producer event queue. Will sleep for 0.5s and check again.
11-02-2016 19:08:36 INFO  PipelineOrchestrator:188 - Pipeline report: no items in producer event queue. Will sleep for 0.5s and check again.
11-02-2016 19:08:37 INFO  PipelineOrchestrator:188 - Pipeline report: no items in producer event queue. Will sleep for 0.5s and check again.
11-02-2016 19:08:37 INFO  PipelineOrchestrator:188 - Pipeline report: no items in producer event queue. Will sleep for 0.5s and check again.
11-02-2016 19:08:38 INFO  PipelineOrchestrator:188 - Pipeline report: no items in producer event queue. Will sleep for 0.5s and check again.
11-02-2016 19:08:38 INFO  PipelineOrchestrator:188 - Pipeline report: no items in producer event queue. Will sleep for 0.5s and check again.
11-02-2016 19:08:39 INFO  PipelineOrchestrator:188 - Pipeline report: no items in producer event queue. Will sleep for 0.5s and check again.
11-02-2016 19:08:39 INFO  Replicator:75 - Executing replicator shutdown hook...
11-02-2016 19:08:39 INFO  Replicator:78 - Stopping Overseer...
11-02-2016 19:08:39 INFO  Replicator:81 - Overseer thread successfully stopped
11-02-2016 19:08:39 INFO  Replicator:90 - Stopping Producer...
11-02-2016 19:08:39 INFO  TransportImpl:121 - disconnected from localhost:3306
11-02-2016 19:08:39 ERROR AbstractBinlogParser:267 - failed to parse binlog
java.net.SocketException: Socket closed
	at java.net.SocketInputStream.socketRead0(Native Method)
	at java.net.SocketInputStream.read(SocketInputStream.java:152)
	at java.net.SocketInputStream.read(SocketInputStream.java:122)
	at com.google.code.or.io.impl.XInputStreamImpl.doFill(XInputStreamImpl.java:237)
	at com.google.code.or.io.impl.XInputStreamImpl.read(XInputStreamImpl.java:214)
	at com.google.code.or.net.impl.TransportInputStreamImpl.read(TransportInputStreamImpl.java:88)
	at com.google.code.or.io.impl.XInputStreamImpl.readInt(XInputStreamImpl.java:142)
	at com.google.code.or.io.impl.XInputStreamImpl.readInt(XInputStreamImpl.java:62)
	at com.google.code.or.net.impl.TransportInputStreamImpl.readPacketHeader(TransportInputStreamImpl.java:72)
	at com.google.code.or.net.impl.TransportInputStreamImpl.read(TransportInputStreamImpl.java:86)
	at com.google.code.or.io.impl.XInputStreamImpl.readInt(XInputStreamImpl.java:142)
	at com.google.code.or.io.impl.XInputStreamImpl.readInt(XInputStreamImpl.java:62)
	at com.google.code.or.binlog.impl.ReplicationBasedBinlogParser.readPacketMarker(ReplicationBasedBinlogParser.java:86)
	at com.google.code.or.binlog.impl.ReplicationBasedBinlogParser.doParse(ReplicationBasedBinlogParser.java:112)
	at com.google.code.or.binlog.impl.AbstractBinlogParser$Task.run(AbstractBinlogParser.java:263)
	at java.lang.Thread.run(Thread.java:745)
11-02-2016 19:08:39 INFO  Replicator:93 - Successfully stopped Producer thread
11-02-2016 19:08:39 INFO  Replicator:105 - Stopping Pipeline Orchestrator...
11-02-2016 19:08:39 INFO  Replicator:108 - Pipeline Orchestrator successfully stopped
